[INFO] 2025-01-18 01:34:03 - POST /api/user/signup [32m201[0m 209.076ms - PostmanRuntime/7.43.0
[ERROR] 2025-01-18 02:31:14 - Error: Cannot read properties of undefined (reading 'userId') | URL: /api/dish/ | Method: POST
[INFO] 2025-01-18 02:31:14 - POST /api/dish/ [31m500[0m 42.410ms - PostmanRuntime/7.43.0
[ERROR] 2025-01-18 02:32:13 - Error: Dishes validation failed: dishName: Path `dishName` is required. | URL: /api/dish/ | Method: POST
[INFO] 2025-01-18 02:32:13 - POST /api/dish/ [31m500[0m 36.695ms - PostmanRuntime/7.43.0
[ERROR] 2025-01-18 02:32:59 - Error: Dishes validation failed: dishName: Path `dishName` is required. | URL: /api/dish/ | Method: POST
[INFO] 2025-01-18 02:32:59 - POST /api/dish/ [31m500[0m 5.496ms - PostmanRuntime/7.43.0
[ERROR] 2025-01-18 02:33:45 - Error: Dishes validation failed: dishName: Path `dishName` is required. | URL: /api/dish/ | Method: POST
[INFO] 2025-01-18 02:33:45 - POST /api/dish/ [31m500[0m 22.925ms - PostmanRuntime/7.43.0
[INFO] 2025-01-18 02:35:40 - POST /api/dish/ [32m201[0m 125.257ms - PostmanRuntime/7.43.0
[INFO] 2025-01-18 02:39:06 - POST /api/dish/ [32m201[0m 83.215ms - PostmanRuntime/7.43.0
[INFO] 2025-01-18 02:39:39 - POST /api/dish/ [32m201[0m 145.125ms - PostmanRuntime/7.43.0
[INFO] 2025-01-18 02:41:29 - POST /api/dish/ [32m201[0m 122.179ms - PostmanRuntime/7.43.0
[INFO] 2025-01-18 02:43:42 - POST /api/dish/ [32m201[0m 87.045ms - PostmanRuntime/7.43.0
[INFO] 2025-01-18 02:44:49 - POST /api/dish/ [32m201[0m 97.892ms - PostmanRuntime/7.43.0
[INFO] 2025-01-18 02:46:53 - POST /api/dish/ [32m201[0m 121.352ms - PostmanRuntime/7.43.0
[INFO] 2025-01-18 02:52:45 - POST /api/dish/ [32m201[0m 151.984ms - PostmanRuntime/7.43.0
[INFO] 2025-01-18 02:56:35 - POST /api/dish/ [32m201[0m 149.210ms - PostmanRuntime/7.43.0
[INFO] 2025-01-18 02:58:45 - POST /api/dish/ [32m201[0m 160.711ms - PostmanRuntime/7.43.0
[INFO] 2025-01-18 03:00:15 - POST /api/dish/ [32m201[0m 2594.131ms - PostmanRuntime/7.43.0
[INFO] 2025-01-18 03:03:02 - POST /api/dish/ [32m201[0m 2458.519ms - PostmanRuntime/7.43.0
[INFO] 2025-01-18 03:06:03 - POST /api/dish/ [32m201[0m 2655.096ms - PostmanRuntime/7.43.0
[INFO] 2025-01-18 03:10:40 - POST /api/dish/ [32m201[0m 6563.374ms - PostmanRuntime/7.43.0
[INFO] 2025-01-18 03:11:42 - POST /api/dish/ [32m201[0m 6147.685ms - PostmanRuntime/7.43.0
[INFO] 2025-01-18 14:04:02 - POST /dishes/678ad04a357c0b54e8b84349 [33m404[0m 35.546ms - PostmanRuntime/7.43.0
[INFO] 2025-01-18 14:15:20 - POST /dishes/678ad04a357c0b54e8b84349 [33m404[0m 31.367ms - PostmanRuntime/7.43.0
[INFO] 2025-01-18 14:17:45 - PUT /dishes/678ad04a357c0b54e8b84349 [33m404[0m 2.405ms - PostmanRuntime/7.43.0
[INFO] 2025-01-18 14:20:10 - PUT /dishes/678ad04a357c0b54e8b84349 [33m404[0m 0.712ms - PostmanRuntime/7.43.0
[INFO] 2025-01-18 14:20:17 - PUT /dishes/:678ad04a357c0b54e8b84349 [33m404[0m 0.729ms - PostmanRuntime/7.43.0
[INFO] 2025-01-18 14:22:43 - PUT /dishes/678ad04a357c0b54e8b84349 [33m404[0m 1.027ms - PostmanRuntime/7.43.0
[INFO] 2025-01-18 14:36:43 - PUT /api/dish/dishes/678ad04a357c0b54e8b84349 [33m404[0m 135.003ms - PostmanRuntime/7.43.0
[INFO] 2025-01-18 14:38:33 - PUT /api/dish/678ad04a357c0b54e8b84349 [33m404[0m 95.795ms - PostmanRuntime/7.43.0
[INFO] 2025-01-18 14:39:06 - PUT /api/dish/678ad04a357c0b54e8b84349 [33m404[0m 100.663ms - PostmanRuntime/7.43.0
[INFO] 2025-01-18 14:41:46 - PUT /api/dish/678ad04a357c0b54e8b84349 [33m404[0m 94.078ms - PostmanRuntime/7.43.0
[INFO] 2025-01-18 14:42:38 - PUT /api/dish/678ad04a357c0b54e8b84349 [33m404[0m 137.784ms - PostmanRuntime/7.43.0
[INFO] 2025-01-18 14:48:49 - GET /api/dish/678ad04a357c0b54e8b84349 [33m404[0m 98.868ms - PostmanRuntime/7.43.0
[INFO] 2025-01-18 14:49:09 - GET /api/dish/678ad04a357c0b54e8b84349 [33m404[0m 73.104ms - PostmanRuntime/7.43.0
[INFO] 2025-01-18 15:08:30 - GET /api/dish/678ad04a357c0b54e8b84349 [33m404[0m 76.459ms - PostmanRuntime/7.43.0
[INFO] 2025-01-18 15:09:16 - GET /api/dish/678ad04a357c0b54e8b84349 [33m404[0m 78.674ms - PostmanRuntime/7.43.0
[INFO] 2025-01-18 15:10:02 - GET /api/dish/678b54749ccb1c8f9dbcfdc0 [33m404[0m 74.029ms - PostmanRuntime/7.43.0
[INFO] 2025-01-18 15:13:17 - GET /api/dish/678b54749ccb1c8f9dbcfdc0 [33m404[0m 92.500ms - PostmanRuntime/7.43.0
[INFO] 2025-01-18 15:13:48 - GET /api/dish/678b54749ccb1c8f9dbcfdc0 [33m400[0m 8.363ms - PostmanRuntime/7.43.0
[INFO] 2025-01-18 15:17:55 - PUT /api/dish/678b54749ccb1c8f9dbcfdc0 [33m404[0m 114.880ms - PostmanRuntime/7.43.0
[INFO] 2025-01-18 15:19:24 - PUT /api/dish/678ad3412e534630ed467b97 [33m404[0m 64.656ms - PostmanRuntime/7.43.0
[INFO] 2025-01-18 15:24:37 - GET /api/dish/678ad3412e534630ed467b97 [33m404[0m 83.125ms - PostmanRuntime/7.43.0
[INFO] 2025-01-18 15:25:44 - GET /api/dish/678ad3412e534630ed467b97 [33m404[0m 72.044ms - PostmanRuntime/7.43.0
